<?xml version="1.0" encoding="UTF-8"?>
<testng-results skipped="0" failed="0" ignored="0" total="1" passed="1">
  <reporter-output>
  </reporter-output>
  <suite name="ApSuite" duration-ms="19223" started-at="2019-06-13T00:06:30Z" finished-at="2019-06-13T00:06:49Z">
    <groups>
    </groups>
    <test name="ApTest" duration-ms="19223" started-at="2019-06-13T00:06:30Z" finished-at="2019-06-13T00:06:49Z">
      <class name="com.qa.autopractice.testcases.SearchTest">
        <test-method status="PASS" signature="beforeClass()[pri:0, instance:com.qa.autopractice.testcases.SearchTest@57fffcd7]" name="beforeClass" is-config="true" duration-ms="16099" started-at="2019-06-13T00:06:30Z" finished-at="2019-06-13T00:06:46Z">
          <reporter-output>
          </reporter-output>
        </test-method> <!-- beforeClass -->
        <test-method status="PASS" signature="p()[pri:0, instance:com.qa.autopractice.testcases.SearchTest@57fffcd7]" name="p" duration-ms="5" started-at="2019-06-13T00:06:46Z" finished-at="2019-06-13T00:06:46Z">
          <reporter-output>
          </reporter-output>
        </test-method> <!-- p -->
        <test-method status="PASS" signature="afterClass()[pri:0, instance:com.qa.autopractice.testcases.SearchTest@57fffcd7]" name="afterClass" is-config="true" duration-ms="3104" started-at="2019-06-13T00:06:46Z" finished-at="2019-06-13T00:06:49Z">
          <reporter-output>
          </reporter-output>
        </test-method> <!-- afterClass -->
      </class> <!-- com.qa.autopractice.testcases.SearchTest -->
    </test> <!-- ApTest -->
  </suite> <!-- ApSuite -->
</testng-results>
